--------------- Rebuild Started: 10/12/2021 21:25:23 Project: MiniModBusController, Configuration: ARM GCC 5.4-2016-q2-update Release ---------------
Deleting file ".\CortexM0\ARM_GCC_541\Release\Modbus.o"
Deleting file ".\CortexM0\ARM_GCC_541\Release\interrupts.o"
Deleting file ".\CortexM0\ARM_GCC_541\Release\startup.o"
Deleting file ".\CortexM0\ARM_GCC_541\Release\Storage.o"
Deleting file ".\CortexM0\ARM_GCC_541\Release\toolkit.o"
Deleting file ".\CortexM0\ARM_GCC_541\Release\WDT.o"
Deleting file ".\CortexM0\ARM_GCC_541\Release\DHT22.o"
Deleting file ".\CortexM0\ARM_GCC_541\Release\Workers.o"
Deleting file ".\CortexM0\ARM_GCC_541\Release\main.o"
Deleting file ".\CortexM0\ARM_GCC_541\Release\cyfitter_cfg.o"
Deleting file ".\CortexM0\ARM_GCC_541\Release\cymetadata.o"
Deleting file ".\CortexM0\ARM_GCC_541\Release\ModbusUART.o"
Deleting file ".\CortexM0\ARM_GCC_541\Release\ModbusUART_SPI_UART.o"
Deleting file ".\CortexM0\ARM_GCC_541\Release\ModbusUART_SPI_UART_INT.o"
Deleting file ".\CortexM0\ARM_GCC_541\Release\ModbusUART_PM.o"
Deleting file ".\CortexM0\ARM_GCC_541\Release\ModbusUART_UART.o"
Deleting file ".\CortexM0\ARM_GCC_541\Release\ModbusUART_BOOT.o"
Deleting file ".\CortexM0\ARM_GCC_541\Release\ModbusUART_UART_BOOT.o"
Deleting file ".\CortexM0\ARM_GCC_541\Release\TX_LED.o"
Deleting file ".\CortexM0\ARM_GCC_541\Release\TX_LED_PM.o"
Deleting file ".\CortexM0\ARM_GCC_541\Release\RX_LED.o"
Deleting file ".\CortexM0\ARM_GCC_541\Release\RX_LED_PM.o"
Deleting file ".\CortexM0\ARM_GCC_541\Release\ADC.o"
Deleting file ".\CortexM0\ARM_GCC_541\Release\ADC_PM.o"
Deleting file ".\CortexM0\ARM_GCC_541\Release\ADC_INT.o"
Deleting file ".\CortexM0\ARM_GCC_541\Release\MessageReceived.o"
Deleting file ".\CortexM0\ARM_GCC_541\Release\EndOfMessage.o"
Deleting file ".\CortexM0\ARM_GCC_541\Release\DigitalOut.o"
Deleting file ".\CortexM0\ARM_GCC_541\Release\DigitalOut_PM.o"
Deleting file ".\CortexM0\ARM_GCC_541\Release\DieTemp.o"
Deleting file ".\CortexM0\ARM_GCC_541\Release\MessageTimer.o"
Deleting file ".\CortexM0\ARM_GCC_541\Release\MessageTimer_PM.o"
Deleting file ".\CortexM0\ARM_GCC_541\Release\MessageTimerClock.o"
Deleting file ".\CortexM0\ARM_GCC_541\Release\EEPROM.o"
Deleting file ".\CortexM0\ARM_GCC_541\Release\DigitalIn.o"
Deleting file ".\CortexM0\ARM_GCC_541\Release\DigitalIn_PM.o"
Deleting file ".\CortexM0\ARM_GCC_541\Release\RTC.o"
Deleting file ".\CortexM0\ARM_GCC_541\Release\SlowClock.o"
Deleting file ".\CortexM0\ARM_GCC_541\Release\PerSecondInterrupt.o"
Deleting file ".\CortexM0\ARM_GCC_541\Release\ModbusUART_SCBCLK.o"
Deleting file ".\CortexM0\ARM_GCC_541\Release\ModbusUART_tx.o"
Deleting file ".\CortexM0\ARM_GCC_541\Release\ModbusUART_tx_PM.o"
Deleting file ".\CortexM0\ARM_GCC_541\Release\ModbusUART_rx.o"
Deleting file ".\CortexM0\ARM_GCC_541\Release\ModbusUART_rx_PM.o"
Deleting file ".\CortexM0\ARM_GCC_541\Release\ADC_IRQ.o"
Deleting file ".\CortexM0\ARM_GCC_541\Release\ADC_intClock.o"
Deleting file ".\CortexM0\ARM_GCC_541\Release\Cm0Start.o"
Deleting file ".\CortexM0\ARM_GCC_541\Release\CyFlash.o"
Deleting file ".\CortexM0\ARM_GCC_541\Release\CyLib.o"
Deleting file ".\CortexM0\ARM_GCC_541\Release\cyPm.o"
Deleting file ".\CortexM0\ARM_GCC_541\Release\cyutils.o"
Deleting file ".\CortexM0\ARM_GCC_541\Release\CyBootAsmGnu.o"
Deleting file ".\CortexM0\ARM_GCC_541\Release\cy_em_eeprom.o"
Deleting file ".\CortexM0\ARM_GCC_541\Release\CyLFClk.o"
Deleting file ".\CortexM0\ARM_GCC_541\Release\DHT22_2.o"
Deleting file ".\CortexM0\ARM_GCC_541\Release\DHT22_2_PM.o"
Deleting file ".\CortexM0\ARM_GCC_541\Release\DHT22_1.o"
Deleting file ".\CortexM0\ARM_GCC_541\Release\DHT22_1_PM.o"
Deleting file ".\CortexM0\ARM_GCC_541\Release\DHT22_3.o"
Deleting file ".\CortexM0\ARM_GCC_541\Release\DHT22_3_PM.o"
Deleting file ".\CortexM0\ARM_GCC_541\Release\DHT22_0.o"
Deleting file ".\CortexM0\ARM_GCC_541\Release\DHT22_0_PM.o"
Deleting file ".\CortexM0\ARM_GCC_541\Release\Input_IRQ.o"
Deleting file ".\CortexM0\ARM_GCC_541\Release\DE_Pin.o"
Deleting file ".\CortexM0\ARM_GCC_541\Release\DE_Pin_PM.o"
Deleting file ".\CortexM0\ARM_GCC_541\Release\RE_Pin.o"
Deleting file ".\CortexM0\ARM_GCC_541\Release\RE_Pin_PM.o"
Deleting file ".\CortexM0\ARM_GCC_541\Release\OK_LED.o"
Deleting file ".\CortexM0\ARM_GCC_541\Release\OK_LED_PM.o"
Deleting file ".\CortexM0\ARM_GCC_541\Release\ERR_LED.o"
Deleting file ".\CortexM0\ARM_GCC_541\Release\ERR_LED_PM.o"
Deleting file ".\CortexM0\ARM_GCC_541\Release\SW_Mode.o"
Deleting file ".\CortexM0\ARM_GCC_541\Release\SW_Mode_PM.o"
Deleting file ".\CortexM0\ARM_GCC_541\Release\SW_Aux.o"
Deleting file ".\CortexM0\ARM_GCC_541\Release\SW_Aux_PM.o"
Deleting file ".\CortexM0\ARM_GCC_541\Release\MiniModBusController.hex"
Deleting file ".\CortexM0\ARM_GCC_541\Release\MiniModBusController.elf"
Deleting file ".\CortexM0\ARM_GCC_541\Release\MiniModBusController.map"
Deleting file ".\MiniModBusController.cycdx"
Deleting file ".\MiniModBusController.svd"
Deleting file ".\MiniModBusController.rpt"
Deleting file ".\MiniModBusController_timing.html"
Deleting file ".\CortexM0\ARM_GCC_541\Release\.deps\SOURCE_C__ARM_GCC_GENERIC.P"
Deleting file ".\CortexM0\ARM_GCC_541\Release\.deps\SOURCE_ASM__ARM_GCC_GENERIC.P"
cydsfit.exe -.appdatapath "C:\Users\matij\AppData\Local\Cypress Semiconductor\PSoC Creator\4.4" -.fdsnotice -.fdswarpdepfile=warp_dependencies.txt -.fdselabdepfile=elab_dependencies.txt -.fdsbldfile=generated_files.txt -.fdsreffile=referenced_files.txt -p C:\Users\matij\source\git\psocModbus\MiniModBusController.cydsn\MiniModBusController.cyprj -d CY8C4245AXI-483 -s C:\Users\matij\source\git\psocModbus\MiniModBusController.cydsn\Generated_Source\PSoC4 -- -yv2 -q10 -ygs -o2 -v3 -.fftcfgtype=LE
Elaborating Design...
HDL Generation...
Synthesis...
Tech Mapping...
Analog Placement...
Analog Routing...
Analog Code Generation...
Digital Placement...
Digital Routing...
Bitstream Generation...
Bitstream Verification...
Static timing analysis...
API Generation...
Dependency Generation...
Cleanup...
arm-none-eabi-gcc.exe -mcpu=cortex-m0 -mthumb -I. -IGenerated_Source\PSoC4 -Wa,-alh=.\CortexM0\ARM_GCC_541\Release/Modbus.lst -g -D NDEBUG -Wall -ffunction-sections -ffat-lto-objects -Os -c Modbus.c -o .\CortexM0\ARM_GCC_541\Release\Modbus.o
Modbus.c: In function 'writeReg':
Modbus.c:457:16: warning: variable 'i' set but not used [-Wunused-but-set-variable]
   unsigned int i = 0;
                ^
Modbus.c: In function 'writeCoil':
Modbus.c:615:7: warning: variable 'i' set but not used [-Wunused-but-set-variable]
   int i = 0;
       ^
arm-none-eabi-gcc.exe -mcpu=cortex-m0 -mthumb -I. -IGenerated_Source\PSoC4 -Wa,-alh=.\CortexM0\ARM_GCC_541\Release/interrupts.lst -g -D NDEBUG -Wall -ffunction-sections -ffat-lto-objects -Os -c interrupts.c -o .\CortexM0\ARM_GCC_541\Release\interrupts.o
arm-none-eabi-gcc.exe -mcpu=cortex-m0 -mthumb -I. -IGenerated_Source\PSoC4 -Wa,-alh=.\CortexM0\ARM_GCC_541\Release/startup.lst -g -D NDEBUG -Wall -ffunction-sections -ffat-lto-objects -Os -c startup.c -o .\CortexM0\ARM_GCC_541\Release\startup.o
arm-none-eabi-gcc.exe -mcpu=cortex-m0 -mthumb -I. -IGenerated_Source\PSoC4 -Wa,-alh=.\CortexM0\ARM_GCC_541\Release/Storage.lst -g -D NDEBUG -Wall -ffunction-sections -ffat-lto-objects -Os -c Storage.c -o .\CortexM0\ARM_GCC_541\Release\Storage.o
arm-none-eabi-gcc.exe -mcpu=cortex-m0 -mthumb -I. -IGenerated_Source\PSoC4 -Wa,-alh=.\CortexM0\ARM_GCC_541\Release/toolkit.lst -g -D NDEBUG -Wall -ffunction-sections -ffat-lto-objects -Os -c toolkit.c -o .\CortexM0\ARM_GCC_541\Release\toolkit.o
arm-none-eabi-gcc.exe -mcpu=cortex-m0 -mthumb -I. -IGenerated_Source\PSoC4 -Wa,-alh=.\CortexM0\ARM_GCC_541\Release/WDT.lst -g -D NDEBUG -Wall -ffunction-sections -ffat-lto-objects -Os -c WDT.c -o .\CortexM0\ARM_GCC_541\Release\WDT.o
arm-none-eabi-gcc.exe -mcpu=cortex-m0 -mthumb -I. -IGenerated_Source\PSoC4 -Wa,-alh=.\CortexM0\ARM_GCC_541\Release/DHT22.lst -g -D NDEBUG -Wall -ffunction-sections -ffat-lto-objects -Os -c DHT22.c -o .\CortexM0\ARM_GCC_541\Release\DHT22.o
arm-none-eabi-gcc.exe -mcpu=cortex-m0 -mthumb -I. -IGenerated_Source\PSoC4 -Wa,-alh=.\CortexM0\ARM_GCC_541\Release/Workers.lst -g -D NDEBUG -Wall -ffunction-sections -ffat-lto-objects -Os -c Workers.c -o .\CortexM0\ARM_GCC_541\Release\Workers.o
Workers.c: In function 'Input_Worker':
Workers.c:370:12: warning: unused variable 'Mask' [-Wunused-variable]
     uint16 Mask = 0xFF00;
            ^
Workers.c: In function 'Output_Timer_Worker':
Workers.c:405:15: warning: unused variable 'state' [-Wunused-variable]
         uint8 state = (output[i] & 0x01);
               ^
arm-none-eabi-gcc.exe -mcpu=cortex-m0 -mthumb -I. -IGenerated_Source\PSoC4 -Wa,-alh=.\CortexM0\ARM_GCC_541\Release/main.lst -g -D NDEBUG -Wall -ffunction-sections -ffat-lto-objects -Os -c main.c -o .\CortexM0\ARM_GCC_541\Release\main.o
arm-none-eabi-gcc.exe -mcpu=cortex-m0 -mthumb -I. -IGenerated_Source\PSoC4 -Wa,-alh=.\CortexM0\ARM_GCC_541\Release/cyfitter_cfg.lst -g -D NDEBUG -Wall -ffunction-sections -ffat-lto-objects -Os -c Generated_Source\PSoC4\cyfitter_cfg.c -o .\CortexM0\ARM_GCC_541\Release\cyfitter_cfg.o
arm-none-eabi-gcc.exe -mcpu=cortex-m0 -mthumb -I. -IGenerated_Source\PSoC4 -Wa,-alh=.\CortexM0\ARM_GCC_541\Release/cymetadata.lst -g -D NDEBUG -Wall -ffunction-sections -ffat-lto-objects -Os -c Generated_Source\PSoC4\cymetadata.c -o .\CortexM0\ARM_GCC_541\Release\cymetadata.o
arm-none-eabi-gcc.exe -mcpu=cortex-m0 -mthumb -I. -IGenerated_Source\PSoC4 -Wa,-alh=.\CortexM0\ARM_GCC_541\Release/ModbusUART.lst -g -D NDEBUG -Wall -ffunction-sections -ffat-lto-objects -Os -c Generated_Source\PSoC4\ModbusUART.c -o .\CortexM0\ARM_GCC_541\Release\ModbusUART.o
arm-none-eabi-gcc.exe -mcpu=cortex-m0 -mthumb -I. -IGenerated_Source\PSoC4 -Wa,-alh=.\CortexM0\ARM_GCC_541\Release/ModbusUART_SPI_UART.lst -g -D NDEBUG -Wall -ffunction-sections -ffat-lto-objects -Os -c Generated_Source\PSoC4\ModbusUART_SPI_UART.c -o .\CortexM0\ARM_GCC_541\Release\ModbusUART_SPI_UART.o
arm-none-eabi-gcc.exe -mcpu=cortex-m0 -mthumb -I. -IGenerated_Source\PSoC4 -Wa,-alh=.\CortexM0\ARM_GCC_541\Release/ModbusUART_SPI_UART_INT.lst -g -D NDEBUG -Wall -ffunction-sections -ffat-lto-objects -Os -c Generated_Source\PSoC4\ModbusUART_SPI_UART_INT.c -o .\CortexM0\ARM_GCC_541\Release\ModbusUART_SPI_UART_INT.o
arm-none-eabi-gcc.exe -mcpu=cortex-m0 -mthumb -I. -IGenerated_Source\PSoC4 -Wa,-alh=.\CortexM0\ARM_GCC_541\Release/ModbusUART_PM.lst -g -D NDEBUG -Wall -ffunction-sections -ffat-lto-objects -Os -c Generated_Source\PSoC4\ModbusUART_PM.c -o .\CortexM0\ARM_GCC_541\Release\ModbusUART_PM.o
arm-none-eabi-gcc.exe -mcpu=cortex-m0 -mthumb -I. -IGenerated_Source\PSoC4 -Wa,-alh=.\CortexM0\ARM_GCC_541\Release/ModbusUART_UART.lst -g -D NDEBUG -Wall -ffunction-sections -ffat-lto-objects -Os -c Generated_Source\PSoC4\ModbusUART_UART.c -o .\CortexM0\ARM_GCC_541\Release\ModbusUART_UART.o
arm-none-eabi-gcc.exe -mcpu=cortex-m0 -mthumb -I. -IGenerated_Source\PSoC4 -Wa,-alh=.\CortexM0\ARM_GCC_541\Release/ModbusUART_BOOT.lst -g -D NDEBUG -Wall -ffunction-sections -ffat-lto-objects -Os -c Generated_Source\PSoC4\ModbusUART_BOOT.c -o .\CortexM0\ARM_GCC_541\Release\ModbusUART_BOOT.o
arm-none-eabi-gcc.exe -mcpu=cortex-m0 -mthumb -I. -IGenerated_Source\PSoC4 -Wa,-alh=.\CortexM0\ARM_GCC_541\Release/ModbusUART_UART_BOOT.lst -g -D NDEBUG -Wall -ffunction-sections -ffat-lto-objects -Os -c Generated_Source\PSoC4\ModbusUART_UART_BOOT.c -o .\CortexM0\ARM_GCC_541\Release\ModbusUART_UART_BOOT.o
arm-none-eabi-gcc.exe -mcpu=cortex-m0 -mthumb -I. -IGenerated_Source\PSoC4 -Wa,-alh=.\CortexM0\ARM_GCC_541\Release/TX_LED.lst -g -D NDEBUG -Wall -ffunction-sections -ffat-lto-objects -Os -c Generated_Source\PSoC4\TX_LED.c -o .\CortexM0\ARM_GCC_541\Release\TX_LED.o
arm-none-eabi-gcc.exe -mcpu=cortex-m0 -mthumb -I. -IGenerated_Source\PSoC4 -Wa,-alh=.\CortexM0\ARM_GCC_541\Release/TX_LED_PM.lst -g -D NDEBUG -Wall -ffunction-sections -ffat-lto-objects -Os -c Generated_Source\PSoC4\TX_LED_PM.c -o .\CortexM0\ARM_GCC_541\Release\TX_LED_PM.o
arm-none-eabi-gcc.exe -mcpu=cortex-m0 -mthumb -I. -IGenerated_Source\PSoC4 -Wa,-alh=.\CortexM0\ARM_GCC_541\Release/RX_LED.lst -g -D NDEBUG -Wall -ffunction-sections -ffat-lto-objects -Os -c Generated_Source\PSoC4\RX_LED.c -o .\CortexM0\ARM_GCC_541\Release\RX_LED.o
arm-none-eabi-gcc.exe -mcpu=cortex-m0 -mthumb -I. -IGenerated_Source\PSoC4 -Wa,-alh=.\CortexM0\ARM_GCC_541\Release/RX_LED_PM.lst -g -D NDEBUG -Wall -ffunction-sections -ffat-lto-objects -Os -c Generated_Source\PSoC4\RX_LED_PM.c -o .\CortexM0\ARM_GCC_541\Release\RX_LED_PM.o
arm-none-eabi-gcc.exe -mcpu=cortex-m0 -mthumb -I. -IGenerated_Source\PSoC4 -Wa,-alh=.\CortexM0\ARM_GCC_541\Release/ADC.lst -g -D NDEBUG -Wall -ffunction-sections -ffat-lto-objects -Os -c Generated_Source\PSoC4\ADC.c -o .\CortexM0\ARM_GCC_541\Release\ADC.o
arm-none-eabi-gcc.exe -mcpu=cortex-m0 -mthumb -I. -IGenerated_Source\PSoC4 -Wa,-alh=.\CortexM0\ARM_GCC_541\Release/ADC_PM.lst -g -D NDEBUG -Wall -ffunction-sections -ffat-lto-objects -Os -c Generated_Source\PSoC4\ADC_PM.c -o .\CortexM0\ARM_GCC_541\Release\ADC_PM.o
arm-none-eabi-gcc.exe -mcpu=cortex-m0 -mthumb -I. -IGenerated_Source\PSoC4 -Wa,-alh=.\CortexM0\ARM_GCC_541\Release/ADC_INT.lst -g -D NDEBUG -Wall -ffunction-sections -ffat-lto-objects -Os -c Generated_Source\PSoC4\ADC_INT.c -o .\CortexM0\ARM_GCC_541\Release\ADC_INT.o
arm-none-eabi-gcc.exe -mcpu=cortex-m0 -mthumb -I. -IGenerated_Source\PSoC4 -Wa,-alh=.\CortexM0\ARM_GCC_541\Release/MessageReceived.lst -g -D NDEBUG -Wall -ffunction-sections -ffat-lto-objects -Os -c Generated_Source\PSoC4\MessageReceived.c -o .\CortexM0\ARM_GCC_541\Release\MessageReceived.o
arm-none-eabi-gcc.exe -mcpu=cortex-m0 -mthumb -I. -IGenerated_Source\PSoC4 -Wa,-alh=.\CortexM0\ARM_GCC_541\Release/EndOfMessage.lst -g -D NDEBUG -Wall -ffunction-sections -ffat-lto-objects -Os -c Generated_Source\PSoC4\EndOfMessage.c -o .\CortexM0\ARM_GCC_541\Release\EndOfMessage.o
arm-none-eabi-gcc.exe -mcpu=cortex-m0 -mthumb -I. -IGenerated_Source\PSoC4 -Wa,-alh=.\CortexM0\ARM_GCC_541\Release/DigitalOut.lst -g -D NDEBUG -Wall -ffunction-sections -ffat-lto-objects -Os -c Generated_Source\PSoC4\DigitalOut.c -o .\CortexM0\ARM_GCC_541\Release\DigitalOut.o
arm-none-eabi-gcc.exe -mcpu=cortex-m0 -mthumb -I. -IGenerated_Source\PSoC4 -Wa,-alh=.\CortexM0\ARM_GCC_541\Release/DigitalOut_PM.lst -g -D NDEBUG -Wall -ffunction-sections -ffat-lto-objects -Os -c Generated_Source\PSoC4\DigitalOut_PM.c -o .\CortexM0\ARM_GCC_541\Release\DigitalOut_PM.o
arm-none-eabi-gcc.exe -mcpu=cortex-m0 -mthumb -I. -IGenerated_Source\PSoC4 -Wa,-alh=.\CortexM0\ARM_GCC_541\Release/DieTemp.lst -g -D NDEBUG -Wall -ffunction-sections -ffat-lto-objects -Os -c Generated_Source\PSoC4\DieTemp.c -o .\CortexM0\ARM_GCC_541\Release\DieTemp.o
arm-none-eabi-gcc.exe -mcpu=cortex-m0 -mthumb -I. -IGenerated_Source\PSoC4 -Wa,-alh=.\CortexM0\ARM_GCC_541\Release/MessageTimer.lst -g -D NDEBUG -Wall -ffunction-sections -ffat-lto-objects -Os -c Generated_Source\PSoC4\MessageTimer.c -o .\CortexM0\ARM_GCC_541\Release\MessageTimer.o
arm-none-eabi-gcc.exe -mcpu=cortex-m0 -mthumb -I. -IGenerated_Source\PSoC4 -Wa,-alh=.\CortexM0\ARM_GCC_541\Release/MessageTimer_PM.lst -g -D NDEBUG -Wall -ffunction-sections -ffat-lto-objects -Os -c Generated_Source\PSoC4\MessageTimer_PM.c -o .\CortexM0\ARM_GCC_541\Release\MessageTimer_PM.o
arm-none-eabi-gcc.exe -mcpu=cortex-m0 -mthumb -I. -IGenerated_Source\PSoC4 -Wa,-alh=.\CortexM0\ARM_GCC_541\Release/MessageTimerClock.lst -g -D NDEBUG -Wall -ffunction-sections -ffat-lto-objects -Os -c Generated_Source\PSoC4\MessageTimerClock.c -o .\CortexM0\ARM_GCC_541\Release\MessageTimerClock.o
arm-none-eabi-gcc.exe -mcpu=cortex-m0 -mthumb -I. -IGenerated_Source\PSoC4 -Wa,-alh=.\CortexM0\ARM_GCC_541\Release/EEPROM.lst -g -D NDEBUG -Wall -ffunction-sections -ffat-lto-objects -Os -c Generated_Source\PSoC4\EEPROM.c -o .\CortexM0\ARM_GCC_541\Release\EEPROM.o
arm-none-eabi-gcc.exe -mcpu=cortex-m0 -mthumb -I. -IGenerated_Source\PSoC4 -Wa,-alh=.\CortexM0\ARM_GCC_541\Release/DigitalIn.lst -g -D NDEBUG -Wall -ffunction-sections -ffat-lto-objects -Os -c Generated_Source\PSoC4\DigitalIn.c -o .\CortexM0\ARM_GCC_541\Release\DigitalIn.o
arm-none-eabi-gcc.exe -mcpu=cortex-m0 -mthumb -I. -IGenerated_Source\PSoC4 -Wa,-alh=.\CortexM0\ARM_GCC_541\Release/DigitalIn_PM.lst -g -D NDEBUG -Wall -ffunction-sections -ffat-lto-objects -Os -c Generated_Source\PSoC4\DigitalIn_PM.c -o .\CortexM0\ARM_GCC_541\Release\DigitalIn_PM.o
arm-none-eabi-gcc.exe -mcpu=cortex-m0 -mthumb -I. -IGenerated_Source\PSoC4 -Wa,-alh=.\CortexM0\ARM_GCC_541\Release/RTC.lst -g -D NDEBUG -Wall -ffunction-sections -ffat-lto-objects -Os -c Generated_Source\PSoC4\RTC.c -o .\CortexM0\ARM_GCC_541\Release\RTC.o
arm-none-eabi-gcc.exe -mcpu=cortex-m0 -mthumb -I. -IGenerated_Source\PSoC4 -Wa,-alh=.\CortexM0\ARM_GCC_541\Release/SlowClock.lst -g -D NDEBUG -Wall -ffunction-sections -ffat-lto-objects -Os -c Generated_Source\PSoC4\SlowClock.c -o .\CortexM0\ARM_GCC_541\Release\SlowClock.o
arm-none-eabi-gcc.exe -mcpu=cortex-m0 -mthumb -I. -IGenerated_Source\PSoC4 -Wa,-alh=.\CortexM0\ARM_GCC_541\Release/PerSecondInterrupt.lst -g -D NDEBUG -Wall -ffunction-sections -ffat-lto-objects -Os -c Generated_Source\PSoC4\PerSecondInterrupt.c -o .\CortexM0\ARM_GCC_541\Release\PerSecondInterrupt.o
arm-none-eabi-gcc.exe -mcpu=cortex-m0 -mthumb -I. -IGenerated_Source\PSoC4 -Wa,-alh=.\CortexM0\ARM_GCC_541\Release/ModbusUART_SCBCLK.lst -g -D NDEBUG -Wall -ffunction-sections -ffat-lto-objects -Os -c Generated_Source\PSoC4\ModbusUART_SCBCLK.c -o .\CortexM0\ARM_GCC_541\Release\ModbusUART_SCBCLK.o
arm-none-eabi-gcc.exe -mcpu=cortex-m0 -mthumb -I. -IGenerated_Source\PSoC4 -Wa,-alh=.\CortexM0\ARM_GCC_541\Release/ModbusUART_tx.lst -g -D NDEBUG -Wall -ffunction-sections -ffat-lto-objects -Os -c Generated_Source\PSoC4\ModbusUART_tx.c -o .\CortexM0\ARM_GCC_541\Release\ModbusUART_tx.o
arm-none-eabi-gcc.exe -mcpu=cortex-m0 -mthumb -I. -IGenerated_Source\PSoC4 -Wa,-alh=.\CortexM0\ARM_GCC_541\Release/ModbusUART_tx_PM.lst -g -D NDEBUG -Wall -ffunction-sections -ffat-lto-objects -Os -c Generated_Source\PSoC4\ModbusUART_tx_PM.c -o .\CortexM0\ARM_GCC_541\Release\ModbusUART_tx_PM.o
arm-none-eabi-gcc.exe -mcpu=cortex-m0 -mthumb -I. -IGenerated_Source\PSoC4 -Wa,-alh=.\CortexM0\ARM_GCC_541\Release/ModbusUART_rx.lst -g -D NDEBUG -Wall -ffunction-sections -ffat-lto-objects -Os -c Generated_Source\PSoC4\ModbusUART_rx.c -o .\CortexM0\ARM_GCC_541\Release\ModbusUART_rx.o
arm-none-eabi-gcc.exe -mcpu=cortex-m0 -mthumb -I. -IGenerated_Source\PSoC4 -Wa,-alh=.\CortexM0\ARM_GCC_541\Release/ModbusUART_rx_PM.lst -g -D NDEBUG -Wall -ffunction-sections -ffat-lto-objects -Os -c Generated_Source\PSoC4\ModbusUART_rx_PM.c -o .\CortexM0\ARM_GCC_541\Release\ModbusUART_rx_PM.o
arm-none-eabi-gcc.exe -mcpu=cortex-m0 -mthumb -I. -IGenerated_Source\PSoC4 -Wa,-alh=.\CortexM0\ARM_GCC_541\Release/ADC_IRQ.lst -g -D NDEBUG -Wall -ffunction-sections -ffat-lto-objects -Os -c Generated_Source\PSoC4\ADC_IRQ.c -o .\CortexM0\ARM_GCC_541\Release\ADC_IRQ.o
arm-none-eabi-gcc.exe -mcpu=cortex-m0 -mthumb -I. -IGenerated_Source\PSoC4 -Wa,-alh=.\CortexM0\ARM_GCC_541\Release/ADC_intClock.lst -g -D NDEBUG -Wall -ffunction-sections -ffat-lto-objects -Os -c Generated_Source\PSoC4\ADC_intClock.c -o .\CortexM0\ARM_GCC_541\Release\ADC_intClock.o
arm-none-eabi-gcc.exe -mcpu=cortex-m0 -mthumb -I. -IGenerated_Source\PSoC4 -Wa,-alh=.\CortexM0\ARM_GCC_541\Release/Cm0Start.lst -g -D NDEBUG -Wall -ffunction-sections -ffat-lto-objects -Os -c Generated_Source\PSoC4\Cm0Start.c -o .\CortexM0\ARM_GCC_541\Release\Cm0Start.o
arm-none-eabi-gcc.exe -mcpu=cortex-m0 -mthumb -I. -IGenerated_Source\PSoC4 -Wa,-alh=.\CortexM0\ARM_GCC_541\Release/CyFlash.lst -g -D NDEBUG -Wall -ffunction-sections -ffat-lto-objects -Os -c Generated_Source\PSoC4\CyFlash.c -o .\CortexM0\ARM_GCC_541\Release\CyFlash.o
arm-none-eabi-gcc.exe -mcpu=cortex-m0 -mthumb -I. -IGenerated_Source\PSoC4 -Wa,-alh=.\CortexM0\ARM_GCC_541\Release/CyLib.lst -g -D NDEBUG -Wall -ffunction-sections -ffat-lto-objects -Os -c Generated_Source\PSoC4\CyLib.c -o .\CortexM0\ARM_GCC_541\Release\CyLib.o
arm-none-eabi-gcc.exe -mcpu=cortex-m0 -mthumb -I. -IGenerated_Source\PSoC4 -Wa,-alh=.\CortexM0\ARM_GCC_541\Release/cyPm.lst -g -D NDEBUG -Wall -ffunction-sections -ffat-lto-objects -Os -c Generated_Source\PSoC4\cyPm.c -o .\CortexM0\ARM_GCC_541\Release\cyPm.o
arm-none-eabi-gcc.exe -mcpu=cortex-m0 -mthumb -I. -IGenerated_Source\PSoC4 -Wa,-alh=.\CortexM0\ARM_GCC_541\Release/cyutils.lst -g -D NDEBUG -Wall -ffunction-sections -ffat-lto-objects -Os -c Generated_Source\PSoC4\cyutils.c -o .\CortexM0\ARM_GCC_541\Release\cyutils.o
arm-none-eabi-gcc.exe -mcpu=cortex-m0 -mthumb -I. -IGenerated_Source\PSoC4 -Wa,-alh=.\CortexM0\ARM_GCC_541\Release/cy_em_eeprom.lst -g -D NDEBUG -Wall -ffunction-sections -ffat-lto-objects -Os -c Generated_Source\PSoC4\cy_em_eeprom.c -o .\CortexM0\ARM_GCC_541\Release\cy_em_eeprom.o
arm-none-eabi-gcc.exe -mcpu=cortex-m0 -mthumb -I. -IGenerated_Source\PSoC4 -Wa,-alh=.\CortexM0\ARM_GCC_541\Release/CyLFClk.lst -g -D NDEBUG -Wall -ffunction-sections -ffat-lto-objects -Os -c Generated_Source\PSoC4\CyLFClk.c -o .\CortexM0\ARM_GCC_541\Release\CyLFClk.o
arm-none-eabi-gcc.exe -mcpu=cortex-m0 -mthumb -I. -IGenerated_Source\PSoC4 -Wa,-alh=.\CortexM0\ARM_GCC_541\Release/DHT22_2.lst -g -D NDEBUG -Wall -ffunction-sections -ffat-lto-objects -Os -c Generated_Source\PSoC4\DHT22_2.c -o .\CortexM0\ARM_GCC_541\Release\DHT22_2.o
arm-none-eabi-gcc.exe -mcpu=cortex-m0 -mthumb -I. -IGenerated_Source\PSoC4 -Wa,-alh=.\CortexM0\ARM_GCC_541\Release/DHT22_2_PM.lst -g -D NDEBUG -Wall -ffunction-sections -ffat-lto-objects -Os -c Generated_Source\PSoC4\DHT22_2_PM.c -o .\CortexM0\ARM_GCC_541\Release\DHT22_2_PM.o
arm-none-eabi-gcc.exe -mcpu=cortex-m0 -mthumb -I. -IGenerated_Source\PSoC4 -Wa,-alh=.\CortexM0\ARM_GCC_541\Release/DHT22_1.lst -g -D NDEBUG -Wall -ffunction-sections -ffat-lto-objects -Os -c Generated_Source\PSoC4\DHT22_1.c -o .\CortexM0\ARM_GCC_541\Release\DHT22_1.o
arm-none-eabi-gcc.exe -mcpu=cortex-m0 -mthumb -I. -IGenerated_Source\PSoC4 -Wa,-alh=.\CortexM0\ARM_GCC_541\Release/DHT22_1_PM.lst -g -D NDEBUG -Wall -ffunction-sections -ffat-lto-objects -Os -c Generated_Source\PSoC4\DHT22_1_PM.c -o .\CortexM0\ARM_GCC_541\Release\DHT22_1_PM.o
arm-none-eabi-gcc.exe -mcpu=cortex-m0 -mthumb -I. -IGenerated_Source\PSoC4 -Wa,-alh=.\CortexM0\ARM_GCC_541\Release/DHT22_3.lst -g -D NDEBUG -Wall -ffunction-sections -ffat-lto-objects -Os -c Generated_Source\PSoC4\DHT22_3.c -o .\CortexM0\ARM_GCC_541\Release\DHT22_3.o
arm-none-eabi-gcc.exe -mcpu=cortex-m0 -mthumb -I. -IGenerated_Source\PSoC4 -Wa,-alh=.\CortexM0\ARM_GCC_541\Release/DHT22_3_PM.lst -g -D NDEBUG -Wall -ffunction-sections -ffat-lto-objects -Os -c Generated_Source\PSoC4\DHT22_3_PM.c -o .\CortexM0\ARM_GCC_541\Release\DHT22_3_PM.o
arm-none-eabi-gcc.exe -mcpu=cortex-m0 -mthumb -I. -IGenerated_Source\PSoC4 -Wa,-alh=.\CortexM0\ARM_GCC_541\Release/DHT22_0.lst -g -D NDEBUG -Wall -ffunction-sections -ffat-lto-objects -Os -c Generated_Source\PSoC4\DHT22_0.c -o .\CortexM0\ARM_GCC_541\Release\DHT22_0.o
arm-none-eabi-gcc.exe -mcpu=cortex-m0 -mthumb -I. -IGenerated_Source\PSoC4 -Wa,-alh=.\CortexM0\ARM_GCC_541\Release/DHT22_0_PM.lst -g -D NDEBUG -Wall -ffunction-sections -ffat-lto-objects -Os -c Generated_Source\PSoC4\DHT22_0_PM.c -o .\CortexM0\ARM_GCC_541\Release\DHT22_0_PM.o
arm-none-eabi-gcc.exe -mcpu=cortex-m0 -mthumb -I. -IGenerated_Source\PSoC4 -Wa,-alh=.\CortexM0\ARM_GCC_541\Release/Input_IRQ.lst -g -D NDEBUG -Wall -ffunction-sections -ffat-lto-objects -Os -c Generated_Source\PSoC4\Input_IRQ.c -o .\CortexM0\ARM_GCC_541\Release\Input_IRQ.o
arm-none-eabi-gcc.exe -mcpu=cortex-m0 -mthumb -I. -IGenerated_Source\PSoC4 -Wa,-alh=.\CortexM0\ARM_GCC_541\Release/DE_Pin.lst -g -D NDEBUG -Wall -ffunction-sections -ffat-lto-objects -Os -c Generated_Source\PSoC4\DE_Pin.c -o .\CortexM0\ARM_GCC_541\Release\DE_Pin.o
arm-none-eabi-gcc.exe -mcpu=cortex-m0 -mthumb -I. -IGenerated_Source\PSoC4 -Wa,-alh=.\CortexM0\ARM_GCC_541\Release/DE_Pin_PM.lst -g -D NDEBUG -Wall -ffunction-sections -ffat-lto-objects -Os -c Generated_Source\PSoC4\DE_Pin_PM.c -o .\CortexM0\ARM_GCC_541\Release\DE_Pin_PM.o
arm-none-eabi-gcc.exe -mcpu=cortex-m0 -mthumb -I. -IGenerated_Source\PSoC4 -Wa,-alh=.\CortexM0\ARM_GCC_541\Release/RE_Pin.lst -g -D NDEBUG -Wall -ffunction-sections -ffat-lto-objects -Os -c Generated_Source\PSoC4\RE_Pin.c -o .\CortexM0\ARM_GCC_541\Release\RE_Pin.o
arm-none-eabi-gcc.exe -mcpu=cortex-m0 -mthumb -I. -IGenerated_Source\PSoC4 -Wa,-alh=.\CortexM0\ARM_GCC_541\Release/RE_Pin_PM.lst -g -D NDEBUG -Wall -ffunction-sections -ffat-lto-objects -Os -c Generated_Source\PSoC4\RE_Pin_PM.c -o .\CortexM0\ARM_GCC_541\Release\RE_Pin_PM.o
arm-none-eabi-gcc.exe -mcpu=cortex-m0 -mthumb -I. -IGenerated_Source\PSoC4 -Wa,-alh=.\CortexM0\ARM_GCC_541\Release/OK_LED.lst -g -D NDEBUG -Wall -ffunction-sections -ffat-lto-objects -Os -c Generated_Source\PSoC4\OK_LED.c -o .\CortexM0\ARM_GCC_541\Release\OK_LED.o
arm-none-eabi-gcc.exe -mcpu=cortex-m0 -mthumb -I. -IGenerated_Source\PSoC4 -Wa,-alh=.\CortexM0\ARM_GCC_541\Release/OK_LED_PM.lst -g -D NDEBUG -Wall -ffunction-sections -ffat-lto-objects -Os -c Generated_Source\PSoC4\OK_LED_PM.c -o .\CortexM0\ARM_GCC_541\Release\OK_LED_PM.o
arm-none-eabi-gcc.exe -mcpu=cortex-m0 -mthumb -I. -IGenerated_Source\PSoC4 -Wa,-alh=.\CortexM0\ARM_GCC_541\Release/ERR_LED.lst -g -D NDEBUG -Wall -ffunction-sections -ffat-lto-objects -Os -c Generated_Source\PSoC4\ERR_LED.c -o .\CortexM0\ARM_GCC_541\Release\ERR_LED.o
arm-none-eabi-gcc.exe -mcpu=cortex-m0 -mthumb -I. -IGenerated_Source\PSoC4 -Wa,-alh=.\CortexM0\ARM_GCC_541\Release/ERR_LED_PM.lst -g -D NDEBUG -Wall -ffunction-sections -ffat-lto-objects -Os -c Generated_Source\PSoC4\ERR_LED_PM.c -o .\CortexM0\ARM_GCC_541\Release\ERR_LED_PM.o
arm-none-eabi-gcc.exe -mcpu=cortex-m0 -mthumb -I. -IGenerated_Source\PSoC4 -Wa,-alh=.\CortexM0\ARM_GCC_541\Release/SW_Mode.lst -g -D NDEBUG -Wall -ffunction-sections -ffat-lto-objects -Os -c Generated_Source\PSoC4\SW_Mode.c -o .\CortexM0\ARM_GCC_541\Release\SW_Mode.o
arm-none-eabi-gcc.exe -mcpu=cortex-m0 -mthumb -I. -IGenerated_Source\PSoC4 -Wa,-alh=.\CortexM0\ARM_GCC_541\Release/SW_Mode_PM.lst -g -D NDEBUG -Wall -ffunction-sections -ffat-lto-objects -Os -c Generated_Source\PSoC4\SW_Mode_PM.c -o .\CortexM0\ARM_GCC_541\Release\SW_Mode_PM.o
arm-none-eabi-gcc.exe -mcpu=cortex-m0 -mthumb -I. -IGenerated_Source\PSoC4 -Wa,-alh=.\CortexM0\ARM_GCC_541\Release/SW_Aux.lst -g -D NDEBUG -Wall -ffunction-sections -ffat-lto-objects -Os -c Generated_Source\PSoC4\SW_Aux.c -o .\CortexM0\ARM_GCC_541\Release\SW_Aux.o
arm-none-eabi-gcc.exe -mcpu=cortex-m0 -mthumb -I. -IGenerated_Source\PSoC4 -Wa,-alh=.\CortexM0\ARM_GCC_541\Release/SW_Aux_PM.lst -g -D NDEBUG -Wall -ffunction-sections -ffat-lto-objects -Os -c Generated_Source\PSoC4\SW_Aux_PM.c -o .\CortexM0\ARM_GCC_541\Release\SW_Aux_PM.o
arm-none-eabi-as.exe -mcpu=cortex-m0 -mthumb -I. -IGenerated_Source\PSoC4 -alh=.\CortexM0\ARM_GCC_541\Release/CyBootAsmGnu.lst -g -o .\CortexM0\ARM_GCC_541\Release\CyBootAsmGnu.o Generated_Source\PSoC4\CyBootAsmGnu.s
arm-none-eabi-ar.exe -rs .\CortexM0\ARM_GCC_541\Release\MiniModBusController.a .\CortexM0\ARM_GCC_541\Release\ModbusUART.o .\CortexM0\ARM_GCC_541\Release\ModbusUART_SPI_UART.o .\CortexM0\ARM_GCC_541\Release\ModbusUART_SPI_UART_INT.o .\CortexM0\ARM_GCC_541\Release\ModbusUART_PM.o .\CortexM0\ARM_GCC_541\Release\ModbusUART_UART.o .\CortexM0\ARM_GCC_541\Release\ModbusUART_BOOT.o .\CortexM0\ARM_GCC_541\Release\ModbusUART_UART_BOOT.o .\CortexM0\ARM_GCC_541\Release\TX_LED.o .\CortexM0\ARM_GCC_541\Release\TX_LED_PM.o .\CortexM0\ARM_GCC_541\Release\RX_LED.o .\CortexM0\ARM_GCC_541\Release\RX_LED_PM.o .\CortexM0\ARM_GCC_541\Release\ADC.o .\CortexM0\ARM_GCC_541\Release\ADC_PM.o .\CortexM0\ARM_GCC_541\Release\ADC_INT.o .\CortexM0\ARM_GCC_541\Release\MessageReceived.o .\CortexM0\ARM_GCC_541\Release\EndOfMessage.o .\CortexM0\ARM_GCC_541\Release\DigitalOut.o .\CortexM0\ARM_GCC_541\Release\DigitalOut_PM.o .\CortexM0\ARM_GCC_541\Release\DieTemp.o .\CortexM0\ARM_GCC_541\Release\MessageTimer.o .\CortexM0\ARM_GCC_541\Release\MessageTimer_PM.o .\CortexM0\ARM_GCC_541\Release\MessageTimerClock.o .\CortexM0\ARM_GCC_541\Release\EEPROM.o .\CortexM0\ARM_GCC_541\Release\DigitalIn.o .\CortexM0\ARM_GCC_541\Release\DigitalIn_PM.o .\CortexM0\ARM_GCC_541\Release\RTC.o .\CortexM0\ARM_GCC_541\Release\SlowClock.o .\CortexM0\ARM_GCC_541\Release\PerSecondInterrupt.o .\CortexM0\ARM_GCC_541\Release\ModbusUART_SCBCLK.o .\CortexM0\ARM_GCC_541\Release\ModbusUART_tx.o .\CortexM0\ARM_GCC_541\Release\ModbusUART_tx_PM.o .\CortexM0\ARM_GCC_541\Release\ModbusUART_rx.o .\CortexM0\ARM_GCC_541\Release\ModbusUART_rx_PM.o .\CortexM0\ARM_GCC_541\Release\ADC_IRQ.o .\CortexM0\ARM_GCC_541\Release\ADC_intClock.o .\CortexM0\ARM_GCC_541\Release\CyFlash.o .\CortexM0\ARM_GCC_541\Release\CyLib.o .\CortexM0\ARM_GCC_541\Release\cyPm.o .\CortexM0\ARM_GCC_541\Release\cyutils.o .\CortexM0\ARM_GCC_541\Release\cy_em_eeprom.o .\CortexM0\ARM_GCC_541\Release\CyLFClk.o .\CortexM0\ARM_GCC_541\Release\DHT22_2.o .\CortexM0\ARM_GCC_541\Release\DHT22_2_PM.o .\CortexM0\ARM_GCC_541\Release\DHT22_1.o .\CortexM0\ARM_GCC_541\Release\DHT22_1_PM.o .\CortexM0\ARM_GCC_541\Release\DHT22_3.o .\CortexM0\ARM_GCC_541\Release\DHT22_3_PM.o .\CortexM0\ARM_GCC_541\Release\DHT22_0.o .\CortexM0\ARM_GCC_541\Release\DHT22_0_PM.o .\CortexM0\ARM_GCC_541\Release\Input_IRQ.o .\CortexM0\ARM_GCC_541\Release\DE_Pin.o .\CortexM0\ARM_GCC_541\Release\DE_Pin_PM.o .\CortexM0\ARM_GCC_541\Release\RE_Pin.o .\CortexM0\ARM_GCC_541\Release\RE_Pin_PM.o .\CortexM0\ARM_GCC_541\Release\OK_LED.o .\CortexM0\ARM_GCC_541\Release\OK_LED_PM.o .\CortexM0\ARM_GCC_541\Release\ERR_LED.o .\CortexM0\ARM_GCC_541\Release\ERR_LED_PM.o .\CortexM0\ARM_GCC_541\Release\SW_Mode.o .\CortexM0\ARM_GCC_541\Release\SW_Mode_PM.o .\CortexM0\ARM_GCC_541\Release\SW_Aux.o .\CortexM0\ARM_GCC_541\Release\SW_Aux_PM.o .\CortexM0\ARM_GCC_541\Release\CyBootAsmGnu.o
arm-none-eabi-ar.exe: creating .\CortexM0\ARM_GCC_541\Release\MiniModBusController.a
arm-none-eabi-gcc.exe -Wl,--start-group -o C:\Users\matij\source\git\psocModbus\MiniModBusController.cydsn\CortexM0\ARM_GCC_541\Release\MiniModBusController.elf .\CortexM0\ARM_GCC_541\Release\Modbus.o .\CortexM0\ARM_GCC_541\Release\interrupts.o .\CortexM0\ARM_GCC_541\Release\startup.o .\CortexM0\ARM_GCC_541\Release\Storage.o .\CortexM0\ARM_GCC_541\Release\toolkit.o .\CortexM0\ARM_GCC_541\Release\WDT.o .\CortexM0\ARM_GCC_541\Release\DHT22.o .\CortexM0\ARM_GCC_541\Release\Workers.o .\CortexM0\ARM_GCC_541\Release\main.o .\CortexM0\ARM_GCC_541\Release\cyfitter_cfg.o .\CortexM0\ARM_GCC_541\Release\cymetadata.o .\CortexM0\ARM_GCC_541\Release\Cm0Start.o .\CortexM0\ARM_GCC_541\Release\MiniModBusController.a -mcpu=cortex-m0 -mthumb -L Generated_Source\PSoC4 -Wl,-Map,.\CortexM0\ARM_GCC_541\Release/MiniModBusController.map -T Generated_Source\PSoC4\cm0gcc.ld -specs=nano.specs -Wl,--gc-sections -g -ffunction-sections -Os -ffat-lto-objects -Wl,--end-group
cyelftool.exe -C C:\Users\matij\source\git\psocModbus\MiniModBusController.cydsn\CortexM0\ARM_GCC_541\Release\MiniModBusController.elf --flash_row_size 128 --flash_size 32768 --flash_offset 0x00000000
No ELF section .cychecksum found, creating one
Application checksum calculated and stored in ELF section .cychecksum
Checksum calculated and stored in ELF section .cymeta
cyelftool.exe -S C:\Users\matij\source\git\psocModbus\MiniModBusController.cydsn\CortexM0\ARM_GCC_541\Release\MiniModBusController.elf
Flash used: 13422 of 32768 bytes (41,0%).
SRAM used: 2224 of 4096 bytes (54,3%). Stack: 1024 bytes. Heap: 128 bytes.
--------------- Rebuild Succeeded: 10/12/2021 21:26:04 ---------------
